#
# A fatal error has been detected by the Java Runtime Environment:
#
#  SIGSEGV (0xb) at pc=0x00007fff71c70e52, pid=83860, tid=10499
#
# JRE version:  (11.0.5+10) (build )
# Java VM: OpenJDK 64-Bit Server VM (11.0.5+10, mixed mode, aot, sharing, tiered, compressed oops, parallel gc, bsd-amd64)
# Problematic frame:
# C  [libsystem_platform.dylib+0xe52]  _platform_strlen+0x12
#
# No core dump will be written. Core dumps have been disabled. To enable core dumping, try "ulimit -c unlimited" before starting Java again
#
# If you would like to submit a bug report, please visit:
#   https://github.com/AdoptOpenJDK/openjdk-build/issues
#

---------------  S U M M A R Y ------------

Command Line: --add-modules=ALL-SYSTEM --add-opens=java.base/java.util=ALL-UNNAMED --add-opens=java.base/java.lang=ALL-UNNAMED -Declipse.application=org.eclipse.jdt.ls.core.id1 -Dosgi.bundles.defaultStartLevel=4 -Declipse.product=org.eclipse.jdt.ls.core.product -Dfile.encoding=utf8 -XX:+UseParallelGC -XX:GCTimeRatio=4 -XX:AdaptiveSizePolicyWeight=90 -Dsun.zip.disableMemoryMapping=true -Xmx1G -Xms100m -Xverify:none /Users/nils/.vscode/extensions/redhat.java-0.82.0/server/plugins/org.eclipse.equinox.launcher_1.6.300.v20210813-1054.jar -configuration /Users/nils/Library/Application Support/Code/User/globalStorage/redhat.java/0.82.0/config_mac -data /Users/nils/Library/Application Support/Code/User/workspaceStorage/aa8b34901a77df1d09e16db5ce61f095/redhat.java/jdt_ws

Host: MacBookAir7,2 x86_64 1600 MHz, 4 cores, 8G, Darwin 19.5.0
Time: Wed Sep 29 18:31:04 2021 CEST elapsed time: 0 seconds (0d 0h 0m 0s)

---------------  T H R E A D  ---------------

Current thread (0x00007ff532809000):  JavaThread "Unknown thread" [_thread_in_vm, id=10499, stack(0x000070000fd60000,0x000070000fe60000)]

Stack: [0x000070000fd60000,0x000070000fe60000],  sp=0x000070000fe5fb60,  free space=1022k
Native frames: (J=compiled Java code, A=aot compiled Java code, j=interpreted, Vv=VM code, C=native code)
C  [libsystem_platform.dylib+0xe52]  _platform_strlen+0x12
V  [libjvm.dylib+0x1f93b0]  ClassLoader::setup_boot_search_path(char const*)+0x20
V  [libjvm.dylib+0x1fbd9b]  ClassLoader::initialize()+0x5d9
V  [libjvm.dylib+0x3979d0]  init_globals()+0x2d
V  [libjvm.dylib+0x7211ec]  Threads::create_vm(JavaVMInitArgs*, bool*)+0x28e
V  [libjvm.dylib+0x4022d8]  JNI_CreateJavaVM+0x70
C  [libjli.dylib+0x3e0d]  JavaMain+0x119
C  [libsystem_pthread.dylib+0x6109]  _pthread_start+0x94
C  [libsystem_pthread.dylib+0x1b8b]  thread_start+0xf


siginfo: si_signo: 11 (SIGSEGV), si_code: 1 (SEGV_MAPERR), si_addr: 0x0000000000000000

Registers:
RAX=0x0000000110151732, RBX=0x00007ff532809000, RCX=0x0000000000000000, RDX=0x0000000000000000
RSP=0x000070000fe5fb60, RBP=0x000070000fe5fb60, RSI=0x0000000000000000, RDI=0x0000000000000000
R8 =0x0000000000000000, R9 =0x0000000000000000, R10=0x0000000000000000, R11=0x0000000000000000
R12=0x00007ff532809000, R13=0x0000000000000000, R14=0xadb14c5d441800da, R15=0x000070000fe5fef7
RIP=0x00007fff71c70e52, EFLAGS=0x0000000000010246, ERR=0x0000000000000004
  TRAPNO=0x000000000000000e

Top of Stack: (sp=0x000070000fe5fb60)
0x000070000fe5fb60:   000070000fe5fc90 000000010f7f93b0
0x000070000fe5fb70:   000070000fe5fba0 000000010fc447bd
0x000070000fe5fb80:   0000000000000038 0000000000000008
0x000070000fe5fb90:   0000000000000000 0000000000000040
0x000070000fe5fba0:   000070000fe5fc30 000000010fc42d91
0x000070000fe5fbb0:   0000000000000000 0000000000000000
0x000070000fe5fbc0:   0000000000000000 0000000000000000
0x000070000fe5fbd0:   0000003000000020 000070000fe5fc00
0x000070000fe5fbe0:   000070000fe5fc10 000000010fbeb4c3
0x000070000fe5fbf0:   00007ff53040cb90 00007ff53040ece0
0x000070000fe5fc00:   00007ff53040ce30 00007ff530611410
0x000070000fe5fc10:   000070000fe5fc50 000000010fc43235
0x000070000fe5fc20:   00007ff53040ece0 00007ff53040ece0
0x000070000fe5fc30:   0000000000000004 000000010fdb505a
0x000070000fe5fc40:   000000000000000b adb14c5d441800da
0x000070000fe5fc50:   0000000000000000 00007ff532809000
0x000070000fe5fc60:   adb14c5d441800da 00007ff532809000
0x000070000fe5fc70:   00007ff532809000 0000000000000000
0x000070000fe5fc80:   adb14c5d441800da 000070000fe5fef7
0x000070000fe5fc90:   000070000fe5fcc0 000000010f7fbd9b
0x000070000fe5fca0:   00007ff532809000 00007ff532809000
0x000070000fe5fcb0:   00007ff532809000 adb14c5d441800da
0x000070000fe5fcc0:   000070000fe5fd10 000000010f9979d0
0x000070000fe5fcd0:   00007ff532809000 00007ff53040bf60
0x000070000fe5fce0:   00007ff53040bfa0 00007ff53040bfb0
0x000070000fe5fcf0:   00007ff53040c088 00000000000000d8
0x000070000fe5fd00:   00007ff53040c1a0 00007ff532809000
0x000070000fe5fd10:   000070000fe5fea0 000000010fd211ec
0x000070000fe5fd20:   0000000000000000 0000000000000000
0x000070000fe5fd30:   0000000000000000 0000000000000000
0x000070000fe5fd40:   0000000000000000 0000000000000000
0x000070000fe5fd50:   0000000000000000 0000000000000000 

Instructions: (pc=0x00007fff71c70e52)
0x00007fff71c70d52:   74 09 48 83 c1 01 48 39 d1 72 e3 5d c3 90 55 48
0x00007fff71c70d62:   89 e5 48 81 e6 ff 00 00 00 48 0f af 35 55 64 00
0x00007fff71c70d72:   00 66 48 0f 6e c6 48 89 f8 48 83 fa 40 0f 82 92
0x00007fff71c70d82:   00 00 00 48 81 fa 00 80 00 00 0f 82 3e 00 00 00
0x00007fff71c70d92:   e9 28 00 00 00 66 0f 1f 84 00 00 00 00 00 55 48
0x00007fff71c70da2:   89 e5 48 89 f2 48 31 f6 0f 57 c0 48 89 f8 48 83
0x00007fff71c70db2:   fa 40 72 61 48 81 fa 00 80 00 00 72 11 48 89 d1
0x00007fff71c70dc2:   48 89 f0 48 89 fa fc f3 aa 48 89 d0 5d c3 c4 e2
0x00007fff71c70dd2:   7d 18 c0 c5 fc 11 07 48 83 c7 20 48 83 e7 e0 48
0x00007fff71c70de2:   89 f9 48 29 c1 48 29 ca 48 83 ea 40 76 13 c5 fc
0x00007fff71c70df2:   29 07 c5 fc 29 47 20 48 83 c7 40 48 83 ea 40 77
0x00007fff71c70e02:   ed c5 fc 11 04 17 c5 fc 11 44 17 20 c5 f8 77 5d
0x00007fff71c70e12:   c3 48 89 34 17 48 83 ea 08 73 f6 48 83 c2 08 74
0x00007fff71c70e22:   0b 40 88 74 17 ff 48 83 ea 01 75 f5 5d c3 90 90
0x00007fff71c70e32:   90 90 90 90 90 90 90 90 90 90 90 90 90 90 55 48
0x00007fff71c70e42:   89 e5 48 89 f9 48 89 fa 48 83 e7 f0 66 0f ef c0
0x00007fff71c70e52:   66 0f 74 07 66 0f d7 f0 48 83 e1 0f 48 83 c8 ff
0x00007fff71c70e62:   48 d3 e0 21 c6 74 17 0f bc c6 48 29 d7 48 01 f8
0x00007fff71c70e72:   5d c3 66 2e 0f 1f 84 00 00 00 00 00 66 90 48 83
0x00007fff71c70e82:   c7 10 66 0f ef c0 66 0f 74 07 66 0f d7 f0 85 f6
0x00007fff71c70e92:   74 ec eb d3 65 48 8b 0c 25 18 00 00 00 41 89 c8
0x00007fff71c70ea2:   31 c0 f0 4c 0f b1 07 75 05 e9 05 00 00 00 e9 72
0x00007fff71c70eb2:   20 00 00 55 48 89 e5 41 56 53 41 89 ce 48 89 fb
0x00007fff71c70ec2:   48 89 f7 ff d2 48 c7 c6 ff ff ff ff 48 87 33 44
0x00007fff71c70ed2:   39 f6 75 05 5b 41 5e 5d c3 48 89 df 44 89 f2 5b
0x00007fff71c70ee2:   41 5e 5d e9 1a 21 00 00 65 8b 34 25 18 00 00 00
0x00007fff71c70ef2:   31 c0 f0 0f b1 37 75 01 c3 31 d2 e9 21 0a 00 00
0x00007fff71c70f02:   55 48 89 e5 8b 3f 89 f8 83 c8 01 65 3b 04 25 18
0x00007fff71c70f12:   00 00 00 75 02 5d c3 e8 b6 57 00 00 90 90 ba ff
0x00007fff71c70f22:   ff ff ff 0f bc c7 0f 44 c2 ff c0 c3 66 90 ba ff
0x00007fff71c70f32:   ff ff ff 48 0f bc c7 0f 44 c2 ff c0 c3 90 ba ff
0x00007fff71c70f42:   ff ff ff 0f bd c7 0f 44 c2 ff c0 c3 66 90 ba ff 



---------------  P R O C E S S  ---------------

Threads class SMR info:
_java_thread_list=0x00007ff530504a60, length=0, elements={
}

Java Threads: ( => current thread )

Other Threads:

[error occurred during error reporting (printing all threads), id 0xb, SIGSEGV (0xb) at pc=0x000000010fd22519]

VM state:not at safepoint (not fully initialized)

VM Mutex/Monitor currently owned by a thread: None


[error occurred during error reporting (printing compressed oops mode), id 0xb, SIGSEGV (0xb) at pc=0x000000010fd3a13c]

Deoptimization events (0 events):
No events

Classes redefined (0 events):
No events

Internal exceptions (0 events):
No events

Events (1 events):
Event: 0.021 Protecting memory [0x000070000fd60000,0x000070000fd64000] with protection modes 0


Dynamic libraries:
0x00007fff36b5c000 	/System/Library/Frameworks/Cocoa.framework/Versions/A/Cocoa
0x00007fff44344000 	/System/Library/Frameworks/Security.framework/Versions/A/Security
0x00007fff35ac3000 	/System/Library/Frameworks/ApplicationServices.framework/Versions/A/ApplicationServices
0x00007fff70f9c000 	/usr/lib/libz.1.dylib
0x000000010ed72000 	/Library/Java/JavaVirtualMachines/adoptopenjdk-11.jdk/Contents/Home/lib/jli/libjli.dylib
0x00007fff6ea60000 	/usr/lib/libSystem.B.dylib
0x00007fff34cb3000 	/System/Library/Frameworks/AppKit.framework/Versions/C/AppKit
0x00007fff374e0000 	/System/Library/Frameworks/CoreData.framework/Versions/A/CoreData
0x00007fff3a0b6000 	/System/Library/Frameworks/Foundation.framework/Versions/C/Foundation
0x00007fff68a7b000 	/System/Library/PrivateFrameworks/UIFoundation.framework/Versions/A/UIFoundation
0x00007fff63b1f000 	/System/Library/PrivateFrameworks/RemoteViewServices.framework/Versions/A/RemoteViewServices
0x00007fff6b5d0000 	/System/Library/PrivateFrameworks/XCTTargetBootstrap.framework/Versions/A/XCTTargetBootstrap
0x00007fff378cb000 	/System/Library/Frameworks/CoreDisplay.framework/Versions/A/CoreDisplay
0x00007fff3cf71000 	/System/Library/Frameworks/Metal.framework/Versions/A/Metal
0x00007fff51b2b000 	/System/Library/PrivateFrameworks/DesktopServicesPriv.framework/Versions/A/DesktopServicesPriv
0x00007fff6fb9b000 	/usr/lib/liblangid.dylib
0x00007fff50dc3000 	/System/Library/PrivateFrameworks/CoreSVG.framework/Versions/A/CoreSVG
0x00007fff66c78000 	/System/Library/PrivateFrameworks/SkyLight.framework/Versions/A/SkyLight
0x00007fff37e7d000 	/System/Library/Frameworks/CoreGraphics.framework/Versions/A/CoreGraphics
0x00007fff33687000 	/System/Library/Frameworks/Accelerate.framework/Versions/A/Accelerate
0x00007fff70e8d000 	/usr/lib/libxml2.2.dylib
0x00007fff5cab8000 	/System/Library/PrivateFrameworks/IconServices.framework/Versions/A/IconServices
0x00007fff3a895000 	/System/Library/Frameworks/IOSurface.framework/Versions/A/IOSurface
0x00007fff6e58a000 	/usr/lib/libDiagnosticMessagesClient.dylib
0x00007fff51985000 	/System/Library/PrivateFrameworks/DFRFoundation.framework/Versions/A/DFRFoundation
0x00007fff6f92a000 	/usr/lib/libicucore.A.dylib
0x00007fff35df5000 	/System/Library/Frameworks/AudioToolbox.framework/Versions/A/AudioToolbox
0x00007fff35ed8000 	/System/Library/Frameworks/AudioUnit.framework/Versions/A/AudioUnit
0x00007fff6ec62000 	/usr/lib/libauto.dylib
0x00007fff51a27000 	/System/Library/PrivateFrameworks/DataDetectorsCore.framework/Versions/A/DataDetectorsCore
0x00007fff3667d000 	/System/Library/Frameworks/Carbon.framework/Versions/A/Frameworks/HIToolbox.framework/Versions/A/HIToolbox
0x00007fff43541000 	/System/Library/Frameworks/QuartzCore.framework/Versions/A/QuartzCore
0x00007fff369bc000 	/System/Library/Frameworks/Carbon.framework/Versions/A/Frameworks/SpeechRecognition.framework/Versions/A/SpeechRecognition
0x00007fff5149c000 	/System/Library/PrivateFrameworks/CoreUI.framework/Versions/A/CoreUI
0x00007fff36f4b000 	/System/Library/Frameworks/CoreAudio.framework/Versions/A/CoreAudio
0x00007fff39d77000 	/System/Library/Frameworks/DiskArbitration.framework/Versions/A/DiskArbitration
0x00007fff5eb06000 	/System/Library/PrivateFrameworks/MultitouchSupport.framework/Versions/A/MultitouchSupport
0x00007fff6f7f1000 	/usr/lib/libenergytrace.dylib
0x00007fff3a7ef000 	/System/Library/Frameworks/IOKit.framework/Versions/A/IOKit
0x00007fff38de3000 	/System/Library/Frameworks/CoreServices.framework/Versions/A/CoreServices
0x00007fff60cb5000 	/System/Library/PrivateFrameworks/PerformanceAnalysis.framework/Versions/A/PerformanceAnalysis
0x00007fff42574000 	/System/Library/Frameworks/OpenGL.framework/Versions/A/OpenGL
0x00007fff708c0000 	/usr/lib/libobjc.A.dylib
0x00007fff36b6a000 	/System/Library/Frameworks/ColorSync.framework/Versions/A/ColorSync
0x00007fff379fc000 	/System/Library/Frameworks/CoreFoundation.framework/Versions/A/CoreFoundation
0x00007fff384ff000 	/System/Library/Frameworks/CoreImage.framework/Versions/A/CoreImage
0x00007fff39856000 	/System/Library/Frameworks/CoreText.framework/Versions/A/CoreText
0x00007fff3a925000 	/System/Library/Frameworks/ImageIO.framework/Versions/A/ImageIO
0x00007fff6ed46000 	/usr/lib/libc++.1.dylib
0x00007fff6edc2000 	/usr/lib/libcompression.dylib
0x00007fff6e8ce000 	/usr/lib/libMobileGestalt.dylib
0x00007fff687f0000 	/System/Library/PrivateFrameworks/TextureIO.framework/Versions/A/TextureIO
0x00007fff6ebc5000 	/usr/lib/libate.dylib
0x00007fff5ccc1000 	/System/Library/PrivateFrameworks/InternationalSupport.framework/Versions/A/InternationalSupport
0x00007fff7185c000 	/usr/lib/system/libcache.dylib
0x00007fff71862000 	/usr/lib/system/libcommonCrypto.dylib
0x00007fff7186e000 	/usr/lib/system/libcompiler_rt.dylib
0x00007fff71876000 	/usr/lib/system/libcopyfile.dylib
0x00007fff71880000 	/usr/lib/system/libcorecrypto.dylib
0x00007fff71a1f000 	/usr/lib/system/libdispatch.dylib
0x00007fff71a60000 	/usr/lib/system/libdyld.dylib
0x00007fff71a97000 	/usr/lib/system/libkeymgr.dylib
0x00007fff71aa5000 	/usr/lib/system/liblaunch.dylib
0x00007fff71aa6000 	/usr/lib/system/libmacho.dylib
0x00007fff71aac000 	/usr/lib/system/libquarantine.dylib
0x00007fff71aaf000 	/usr/lib/system/libremovefile.dylib
0x00007fff71ab1000 	/usr/lib/system/libsystem_asl.dylib
0x00007fff71ac9000 	/usr/lib/system/libsystem_blocks.dylib
0x00007fff71aca000 	/usr/lib/system/libsystem_c.dylib
0x00007fff71b52000 	/usr/lib/system/libsystem_configuration.dylib
0x00007fff71b56000 	/usr/lib/system/libsystem_coreservices.dylib
0x00007fff71b5a000 	/usr/lib/system/libsystem_darwin.dylib
0x00007fff71b63000 	/usr/lib/system/libsystem_dnssd.dylib
0x00007fff71b6b000 	/usr/lib/system/libsystem_featureflags.dylib
0x00007fff71b6d000 	/usr/lib/system/libsystem_info.dylib
0x00007fff71be8000 	/usr/lib/system/libsystem_m.dylib
0x00007fff71c30000 	/usr/lib/system/libsystem_malloc.dylib
0x00007fff71c58000 	/usr/lib/system/libsystem_networkextension.dylib
0x00007fff71c66000 	/usr/lib/system/libsystem_notify.dylib
0x00007fff71c84000 	/usr/lib/system/libsystem_sandbox.dylib
0x00007fff71c89000 	/usr/lib/system/libsystem_secinit.dylib
0x00007fff71bbb000 	/usr/lib/system/libsystem_kernel.dylib
0x00007fff71c70000 	/usr/lib/system/libsystem_platform.dylib
0x00007fff71c79000 	/usr/lib/system/libsystem_pthread.dylib
0x00007fff71c8c000 	/usr/lib/system/libsystem_symptoms.dylib
0x00007fff71c94000 	/usr/lib/system/libsystem_trace.dylib
0x00007fff71cac000 	/usr/lib/system/libunwind.dylib
0x00007fff71cb2000 	/usr/lib/system/libxpc.dylib
0x00007fff6ed99000 	/usr/lib/libc++abi.dylib
0x00007fff6fb9d000 	/usr/lib/liblzma.5.dylib
0x00007fff6f818000 	/usr/lib/libfakelink.dylib
0x00007fff6eb52000 	/usr/lib/libarchive.2.dylib
0x00007fff453f5000 	/System/Library/Frameworks/SystemConfiguration.framework/Versions/A/SystemConfiguration
0x00007fff6e4bd000 	/usr/lib/libCRFSuite.dylib
0x00007fff3626e000 	/System/Library/Frameworks/CFNetwork.framework/Versions/A/CFNetwork
0x00007fff6ed28000 	/usr/lib/libbsm.0.dylib
0x00007fff71a98000 	/usr/lib/system/libkxld.dylib
0x00007fff4b311000 	/System/Library/PrivateFrameworks/AppleFSCompression.framework/Versions/A/AppleFSCompression
0x00007fff6f0b3000 	/usr/lib/libcoretls.dylib
0x00007fff6f0ca000 	/usr/lib/libcoretls_cfhelpers.dylib
0x00007fff70906000 	/usr/lib/libpam.2.dylib
0x00007fff70a3b000 	/usr/lib/libsqlite3.dylib
0x00007fff70e7a000 	/usr/lib/libxar.1.dylib
0x00007fff6ed39000 	/usr/lib/libbz2.1.0.dylib
0x00007fff6f839000 	/usr/lib/libiconv.2.dylib
0x00007fff6edaf000 	/usr/lib/libcharset.1.dylib
0x00007fff703a3000 	/usr/lib/libnetwork.dylib
0x00007fff7090d000 	/usr/lib/libpcap.A.dylib
0x00007fff6eb07000 	/usr/lib/libapple_nghttp2.dylib
0x00007fff3919a000 	/System/Library/Frameworks/CoreServices.framework/Versions/A/Frameworks/FSEvents.framework/Versions/A/FSEvents
0x00007fff38e6a000 	/System/Library/Frameworks/CoreServices.framework/Versions/A/Frameworks/CarbonCore.framework/Versions/A/CarbonCore
0x00007fff393de000 	/System/Library/Frameworks/CoreServices.framework/Versions/A/Frameworks/Metadata.framework/Versions/A/Metadata
0x00007fff39477000 	/System/Library/Frameworks/CoreServices.framework/Versions/A/Frameworks/OSServices.framework/Versions/A/OSServices
0x00007fff394a5000 	/System/Library/Frameworks/CoreServices.framework/Versions/A/Frameworks/SearchKit.framework/Versions/A/SearchKit
0x00007fff38de4000 	/System/Library/Frameworks/CoreServices.framework/Versions/A/Frameworks/AE.framework/Versions/A/AE
0x00007fff391a3000 	/System/Library/Frameworks/CoreServices.framework/Versions/A/Frameworks/LaunchServices.framework/Versions/A/LaunchServices
0x00007fff3914c000 	/System/Library/Frameworks/CoreServices.framework/Versions/A/Frameworks/DictionaryServices.framework/Versions/A/DictionaryServices
0x00007fff3950d000 	/System/Library/Frameworks/CoreServices.framework/Versions/A/Frameworks/SharedFileList.framework/Versions/A/SharedFileList
0x00007fff3e394000 	/System/Library/Frameworks/NetFS.framework/Versions/A/NetFS
0x00007fff5f036000 	/System/Library/PrivateFrameworks/NetAuth.framework/Versions/A/NetAuth
0x00007fff6b99d000 	/System/Library/PrivateFrameworks/login.framework/Versions/A/Frameworks/loginsupport.framework/Versions/A/loginsupport
0x00007fff682bb000 	/System/Library/PrivateFrameworks/TCC.framework/Versions/A/TCC
0x00007fff4ff36000 	/System/Library/PrivateFrameworks/CoreNLP.framework/Versions/A/CoreNLP
0x00007fff5e533000 	/System/Library/PrivateFrameworks/MetadataUtilities.framework/Versions/A/MetadataUtilities
0x00007fff6fc75000 	/usr/lib/libmecabra.dylib
0x00007fff6fbcd000 	/usr/lib/libmecab.dylib
0x00007fff6f829000 	/usr/lib/libgermantok.dylib
0x00007fff6eaee000 	/usr/lib/libThaiTokenizer.dylib
0x00007fff6e4f4000 	/usr/lib/libChineseTokenizer.dylib
0x00007fff3369f000 	/System/Library/Frameworks/Accelerate.framework/Versions/A/Frameworks/vImage.framework/Versions/A/vImage
0x00007fff34b09000 	/System/Library/Frameworks/Accelerate.framework/Versions/A/Frameworks/vecLib.framework/Versions/A/vecLib
0x00007fff34a46000 	/System/Library/Frameworks/Accelerate.framework/Versions/A/Frameworks/vecLib.framework/Versions/A/libvMisc.dylib
0x00007fff3486e000 	/System/Library/Frameworks/Accelerate.framework/Versions/A/Frameworks/vecLib.framework/Versions/A/libvDSP.dylib
0x00007fff33cf6000 	/System/Library/Frameworks/Accelerate.framework/Versions/A/Frameworks/vecLib.framework/Versions/A/libBLAS.dylib
0x00007fff34432000 	/System/Library/Frameworks/Accelerate.framework/Versions/A/Frameworks/vecLib.framework/Versions/A/libLAPACK.dylib
0x00007fff347ce000 	/System/Library/Frameworks/Accelerate.framework/Versions/A/Frameworks/vecLib.framework/Versions/A/libLinearAlgebra.dylib
0x00007fff3485b000 	/System/Library/Frameworks/Accelerate.framework/Versions/A/Frameworks/vecLib.framework/Versions/A/libSparseBLAS.dylib
0x00007fff347e4000 	/System/Library/Frameworks/Accelerate.framework/Versions/A/Frameworks/vecLib.framework/Versions/A/libQuadrature.dylib
0x00007fff33f5e000 	/System/Library/Frameworks/Accelerate.framework/Versions/A/Frameworks/vecLib.framework/Versions/A/libBNNS.dylib
0x00007fff347ea000 	/System/Library/Frameworks/Accelerate.framework/Versions/A/Frameworks/vecLib.framework/Versions/A/libSparse.dylib
0x00007fff5d0a9000 	/System/Library/PrivateFrameworks/LanguageModeling.framework/Versions/A/LanguageModeling
0x00007fff4f8e6000 	/System/Library/PrivateFrameworks/CoreEmoji.framework/Versions/A/CoreEmoji
0x00007fff5d1c7000 	/System/Library/PrivateFrameworks/LinguisticData.framework/Versions/A/LinguisticData
0x00007fff5d178000 	/System/Library/PrivateFrameworks/Lexicon.framework/Versions/A/Lexicon
0x00007fff6edb0000 	/usr/lib/libcmph.dylib
0x00007fff40f82000 	/System/Library/Frameworks/OpenDirectory.framework/Versions/A/Frameworks/CFOpenDirectory.framework/Versions/A/CFOpenDirectory
0x00007fff40f9f000 	/System/Library/Frameworks/OpenDirectory.framework/Versions/A/OpenDirectory
0x00007fff493c4000 	/System/Library/PrivateFrameworks/APFS.framework/Versions/A/APFS
0x00007fff4468e000 	/System/Library/Frameworks/SecurityFoundation.framework/Versions/A/SecurityFoundation
0x00007fff70e76000 	/usr/lib/libutil.dylib
0x00007fff50e1b000 	/System/Library/PrivateFrameworks/CoreServicesStore.framework/Versions/A/CoreServicesStore
0x00007fff44745000 	/System/Library/Frameworks/ServiceManagement.framework/Versions/A/ServiceManagement
0x00007fff4cae0000 	/System/Library/PrivateFrameworks/BackgroundTaskManagement.framework/Versions/A/BackgroundTaskManagement
0x00007fff70f73000 	/usr/lib/libxslt.1.dylib
0x00007fff4b984000 	/System/Library/PrivateFrameworks/AppleSystemInfo.framework/Versions/A/AppleSystemInfo
0x00007fff3ab40000 	/System/Library/Frameworks/ImageIO.framework/Versions/A/Resources/libJPEG.dylib
0x00007fff3adfc000 	/System/Library/Frameworks/ImageIO.framework/Versions/A/Resources/libTIFF.dylib
0x00007fff3addf000 	/System/Library/Frameworks/ImageIO.framework/Versions/A/Resources/libPng.dylib
0x00007fff3aa82000 	/System/Library/Frameworks/ImageIO.framework/Versions/A/Resources/libGIF.dylib
0x00007fff3aa86000 	/System/Library/Frameworks/ImageIO.framework/Versions/A/Resources/libJP2.dylib
0x00007fff3adfa000 	/System/Library/Frameworks/ImageIO.framework/Versions/A/Resources/libRadiance.dylib
0x00007fff6f7f2000 	/usr/lib/libexpat.1.dylib
0x00007fff4b46c000 	/System/Library/PrivateFrameworks/AppleJPEG.framework/Versions/A/AppleJPEG
0x00007fff5411a000 	/System/Library/PrivateFrameworks/FontServices.framework/libFontParser.dylib
0x00007fff6a9a2000 	/System/Library/PrivateFrameworks/WatchdogClient.framework/Versions/A/WatchdogClient
0x00007fff5c704000 	/System/Library/PrivateFrameworks/IOAccelerator.framework/Versions/A/IOAccelerator
0x00007fff3d30c000 	/System/Library/Frameworks/MetalPerformanceShaders.framework/Versions/A/MetalPerformanceShaders
0x00007fff58e9b000 	/System/Library/PrivateFrameworks/GPUWrangler.framework/Versions/A/GPUWrangler
0x00007fff5c719000 	/System/Library/PrivateFrameworks/IOPresentment.framework/Versions/A/IOPresentment
0x00007fff51998000 	/System/Library/PrivateFrameworks/DSExternalDisplay.framework/Versions/A/DSExternalDisplay
0x00007fff41913000 	/System/Library/Frameworks/OpenGL.framework/Versions/A/Libraries/libCoreFSCache.dylib
0x00007fff3d058000 	/System/Library/Frameworks/MetalPerformanceShaders.framework/Frameworks/MPSCore.framework/Versions/A/MPSCore
0x00007fff3d096000 	/System/Library/Frameworks/MetalPerformanceShaders.framework/Frameworks/MPSImage.framework/Versions/A/MPSImage
0x00007fff3d15d000 	/System/Library/Frameworks/MetalPerformanceShaders.framework/Frameworks/MPSNeuralNetwork.framework/Versions/A/MPSNeuralNetwork
0x00007fff3d121000 	/System/Library/Frameworks/MetalPerformanceShaders.framework/Frameworks/MPSMatrix.framework/Versions/A/MPSMatrix
0x00007fff3d2bc000 	/System/Library/Frameworks/MetalPerformanceShaders.framework/Frameworks/MPSRayIntersector.framework/Versions/A/MPSRayIntersector
0x00007fff3d147000 	/System/Library/Frameworks/MetalPerformanceShaders.framework/Frameworks/MPSNDArray.framework/Versions/A/MPSNDArray
0x00007fff5e580000 	/System/Library/PrivateFrameworks/MetalTools.framework/Versions/A/MetalTools
0x00007fff4a599000 	/System/Library/PrivateFrameworks/AggregateDictionary.framework/Versions/A/AggregateDictionary
0x00007fff4f330000 	/System/Library/PrivateFrameworks/CoreAnalytics.framework/Versions/A/CoreAnalytics
0x00007fff4b8a3000 	/System/Library/PrivateFrameworks/AppleSauce.framework/Versions/A/AppleSauce
0x00007fff6e7b0000 	/usr/lib/libIOReport.dylib
0x00007fff39a0e000 	/System/Library/Frameworks/CoreVideo.framework/Versions/A/CoreVideo
0x00007fff5a315000 	/System/Library/PrivateFrameworks/GraphVisualizer.framework/Versions/A/GraphVisualizer
0x00007fff53661000 	/System/Library/PrivateFrameworks/FaceCore.framework/Versions/A/FaceCore
0x00007fff40f29000 	/System/Library/Frameworks/OpenCL.framework/Versions/A/OpenCL
0x00007fff6e5d2000 	/usr/lib/libFosl_dynamic.dylib
0x00007fff5fa56000 	/System/Library/PrivateFrameworks/OTSVG.framework/Versions/A/OTSVG
0x00007fff35bc8000 	/System/Library/Frameworks/ApplicationServices.framework/Versions/A/Frameworks/ATS.framework/Versions/A/Resources/libFontRegistry.dylib
0x00007fff542ec000 	/System/Library/PrivateFrameworks/FontServices.framework/libhvf.dylib
0x00007fff4191e000 	/System/Library/Frameworks/OpenGL.framework/Versions/A/Libraries/libGFXShared.dylib
0x00007fff41afc000 	/System/Library/Frameworks/OpenGL.framework/Versions/A/Libraries/libGLU.dylib
0x00007fff41927000 	/System/Library/Frameworks/OpenGL.framework/Versions/A/Libraries/libGL.dylib
0x00007fff41932000 	/System/Library/Frameworks/OpenGL.framework/Versions/A/Libraries/libGLImage.dylib
0x00007fff41910000 	/System/Library/Frameworks/OpenGL.framework/Versions/A/Libraries/libCVMSPluginSupport.dylib
0x00007fff41919000 	/System/Library/Frameworks/OpenGL.framework/Versions/A/Libraries/libCoreVMClient.dylib
0x00007fff70244000 	/usr/lib/libncurses.5.4.dylib
0x00007fff35ac4000 	/System/Library/Frameworks/ApplicationServices.framework/Versions/A/Frameworks/ATS.framework/Versions/A/ATS
0x00007fff35c91000 	/System/Library/Frameworks/ApplicationServices.framework/Versions/A/Frameworks/ColorSyncLegacy.framework/Versions/A/ColorSyncLegacy
0x00007fff35d2f000 	/System/Library/Frameworks/ApplicationServices.framework/Versions/A/Frameworks/HIServices.framework/Versions/A/HIServices
0x00007fff35d87000 	/System/Library/Frameworks/ApplicationServices.framework/Versions/A/Frameworks/LangAnalysis.framework/Versions/A/LangAnalysis
0x00007fff35d96000 	/System/Library/Frameworks/ApplicationServices.framework/Versions/A/Frameworks/PrintCore.framework/Versions/A/PrintCore
0x00007fff35ddc000 	/System/Library/Frameworks/ApplicationServices.framework/Versions/A/Frameworks/QD.framework/Versions/A/QD
0x00007fff35de7000 	/System/Library/Frameworks/ApplicationServices.framework/Versions/A/Frameworks/SpeechSynthesis.framework/Versions/A/SpeechSynthesis
0x00007fff35c61000 	/System/Library/Frameworks/ApplicationServices.framework/Versions/A/Frameworks/ATSUI.framework/Versions/A/ATSUI
0x00007fff6f688000 	/usr/lib/libcups.2.dylib
0x00007fff3c3a7000 	/System/Library/Frameworks/Kerberos.framework/Versions/A/Kerberos
0x00007fff3a4e8000 	/System/Library/Frameworks/GSS.framework/Versions/A/GSS
0x00007fff709c7000 	/usr/lib/libresolv.9.dylib
0x00007fff5a4c2000 	/System/Library/PrivateFrameworks/Heimdal.framework/Versions/A/Heimdal
0x00007fff3c3ba000 	/System/Library/Frameworks/Kerberos.framework/Versions/A/Libraries/libHeimdalProxy.dylib
0x00007fff6f82f000 	/usr/lib/libheimdal-asn1.dylib
0x00007fff4e7cb000 	/System/Library/PrivateFrameworks/CommonAuth.framework/Versions/A/CommonAuth
0x00007fff4ba21000 	/System/Library/PrivateFrameworks/AssertionServices.framework/Versions/A/AssertionServices
0x00007fff4c5c3000 	/System/Library/PrivateFrameworks/AudioToolboxCore.framework/Versions/A/AudioToolboxCore
0x00007fff6b64d000 	/System/Library/PrivateFrameworks/caulk.framework/Versions/A/caulk
0x00007fff4cb8c000 	/System/Library/PrivateFrameworks/BaseBoard.framework/Versions/A/BaseBoard
0x00007fff63cad000 	/System/Library/PrivateFrameworks/RunningBoardServices.framework/Versions/A/RunningBoardServices
0x00007fff60cc1000 	/System/Library/PrivateFrameworks/PersistentConnection.framework/Versions/A/PersistentConnection
0x00007fff636a7000 	/System/Library/PrivateFrameworks/ProtocolBuffer.framework/Versions/A/ProtocolBuffer
0x00007fff4e7ef000 	/System/Library/PrivateFrameworks/CommonUtilities.framework/Versions/A/CommonUtilities
0x00007fff4cd1a000 	/System/Library/PrivateFrameworks/Bom.framework/Versions/A/Bom
0x00007fff6e483000 	/usr/lib/libAudioToolboxUtility.dylib
0x00007fff4caea000 	/System/Library/PrivateFrameworks/Backup.framework/Versions/A/Backup
0x00007fff518b9000 	/System/Library/PrivateFrameworks/CrashReporterSupport.framework/Versions/A/CrashReporterSupport
0x00007fff6573e000 	/System/Library/PrivateFrameworks/Sharing.framework/Versions/A/Sharing
0x00007fff4b02f000 	/System/Library/PrivateFrameworks/Apple80211.framework/Versions/A/Apple80211
0x00007fff4c807000 	/System/Library/PrivateFrameworks/AuthKit.framework/Versions/A/AuthKit
0x00007fff515c9000 	/System/Library/PrivateFrameworks/CoreUtils.framework/Versions/A/CoreUtils
0x00007fff39a53000 	/System/Library/Frameworks/CoreWLAN.framework/Versions/A/CoreWLAN
0x00007fff3a675000 	/System/Library/Frameworks/IOBluetooth.framework/Versions/A/IOBluetooth
0x00007fff5e885000 	/System/Library/PrivateFrameworks/MobileKeyBag.framework/Versions/A/MobileKeyBag
0x00007fff503ce000 	/System/Library/PrivateFrameworks/CorePhoneNumbers.framework/Versions/A/CorePhoneNumbers
0x00007fff4b41f000 	/System/Library/PrivateFrameworks/AppleIDAuthSupport.framework/Versions/A/AppleIDAuthSupport
0x00007fff3e3a1000 	/System/Library/Frameworks/Network.framework/Versions/A/Network
0x00007fff5cf55000 	/System/Library/PrivateFrameworks/KeychainCircle.framework/Versions/A/KeychainCircle
0x00007fff374a7000 	/System/Library/Frameworks/CoreBluetooth.framework/Versions/A/CoreBluetooth
0x00007fff677bb000 	/System/Library/PrivateFrameworks/SpeechRecognitionCore.framework/Versions/A/SpeechRecognitionCore
0x000000010f600000 	/Library/Java/JavaVirtualMachines/adoptopenjdk-11.jdk/Contents/Home/lib/server/libjvm.dylib
0x00007fff70d49000 	/usr/lib/libstdc++.6.dylib
0x000000010ed8e000 	/Library/Java/JavaVirtualMachines/adoptopenjdk-11.jdk/Contents/Home/lib/libverify.dylib
0x000000010ed9a000 	/Library/Java/JavaVirtualMachines/adoptopenjdk-11.jdk/Contents/Home/lib/libjava.dylib
0x000000010edcc000 	/Library/Java/JavaVirtualMachines/adoptopenjdk-11.jdk/Contents/Home/lib/libzip.dylib
0x000000010edd4000 	/Library/Java/JavaVirtualMachines/adoptopenjdk-11.jdk/Contents/Home/lib/libjimage.dylib


VM Arguments:
jvm_args: --add-modules=ALL-SYSTEM --add-opens=java.base/java.util=ALL-UNNAMED --add-opens=java.base/java.lang=ALL-UNNAMED -Declipse.application=org.eclipse.jdt.ls.core.id1 -Dosgi.bundles.defaultStartLevel=4 -Declipse.product=org.eclipse.jdt.ls.core.product -Dfile.encoding=utf8 -XX:+UseParallelGC -XX:GCTimeRatio=4 -XX:AdaptiveSizePolicyWeight=90 -Dsun.zip.disableMemoryMapping=true -Xmx1G -Xms100m -Xverify:none 
java_command: /Users/nils/.vscode/extensions/redhat.java-0.82.0/server/plugins/org.eclipse.equinox.launcher_1.6.300.v20210813-1054.jar -configuration /Users/nils/Library/Application Support/Code/User/globalStorage/redhat.java/0.82.0/config_mac -data /Users/nils/Library/Application Support/Code/User/workspaceStorage/aa8b34901a77df1d09e16db5ce61f095/redhat.java/jdt_ws
java_class_path (initial): /Users/nils/.vscode/extensions/redhat.java-0.82.0/server/plugins/org.eclipse.equinox.launcher_1.6.300.v20210813-1054.jar
Launcher Type: SUN_STANDARD

[Global flags]
    uintx AdaptiveSizePolicyWeight                 = 90                                        {product} {command line}
     bool BytecodeVerificationLocal                = false                                     {product} {command line}
     bool BytecodeVerificationRemote               = false                                     {product} {command line}
    uintx GCTimeRatio                              = 4                                         {product} {command line}
   size_t InitialHeapSize                          = 104857600                                 {product} {command line}
   size_t MaxHeapSize                              = 1073741824                                {product} {command line}
    uintx ReservedCodeCacheSize                    = 251658240                              {pd product} {ergonomic}
     bool SegmentedCodeCache                       = true                                      {product} {ergonomic}
     bool UseCompressedClassPointers               = true                                 {lp64_product} {ergonomic}
     bool UseCompressedOops                        = true                                 {lp64_product} {ergonomic}
     bool UseParallelGC                            = true                                      {product} {command line}

Logging:
Log output configuration:
 #0: stdout all=warning uptime,level,tags
 #1: stderr all=off uptime,level,tags

Environment Variables:
PATH=/Users/nils/google-cloud-sdk/bin:/Library/Frameworks/Python.framework/Versions/3.9/bin:/Library/Frameworks/Python.framework/Versions/3.9/bin:/Users/nils/opt/anaconda3/bin:/Users/nils/opt/anaconda3/condabin:/Library/Frameworks/Python.framework/Versions/3.7/bin:/usr/local/bin:/usr/bin:/bin:/usr/sbin:/sbin:/Library/TeX/texbin
SHELL=/bin/bash

Signal Handlers:
SIGSEGV: [libjvm.dylib+0x776ca0], sa_mask[0]=11111111011111110111111111111111, sa_flags=SA_ONSTACK|SA_RESTART|SA_SIGINFO
SIGBUS: [libjvm.dylib+0x776ca0], sa_mask[0]=11111111011111110111111111111111, sa_flags=SA_RESTART|SA_SIGINFO
SIGFPE: [libjvm.dylib+0x776ca0], sa_mask[0]=11111111011111110111111111111111, sa_flags=SA_RESTART|SA_SIGINFO
SIGPIPE: [libjvm.dylib+0x612bdc], sa_mask[0]=11111111011111110111111111111111, sa_flags=SA_RESTART|SA_SIGINFO
SIGXFSZ: [libjvm.dylib+0x612bdc], sa_mask[0]=11111111011111110111111111111111, sa_flags=SA_RESTART|SA_SIGINFO
SIGILL: [libjvm.dylib+0x776ca0], sa_mask[0]=11111111011111110111111111111111, sa_flags=SA_RESTART|SA_SIGINFO
SIGUSR2: [libjvm.dylib+0x6131cc], sa_mask[0]=00000000000000000000000000000000, sa_flags=SA_RESTART|SA_SIGINFO
SIGHUP: SIG_DFL, sa_mask[0]=00000000000000000000000000000000, sa_flags=none
SIGINT: SIG_DFL, sa_mask[0]=00000000000000000000000000000000, sa_flags=none
SIGTERM: SIG_DFL, sa_mask[0]=00000000000000000000000000000000, sa_flags=none
SIGQUIT: SIG_DFL, sa_mask[0]=00000000000000000000000000000000, sa_flags=none


---------------  S Y S T E M  ---------------

OS:uname:Darwin 19.5.0 Darwin Kernel Version 19.5.0: Tue May 26 20:41:44 PDT 2020; root:xnu-6153.121.2~2/RELEASE_X86_64 x86_64
rlimit: STACK 8192k, CORE 0k, NPROC 1392, NOFILE 10240, AS infinity, DATA infinity, FSIZE infinity
load average:5.03 2.49 2.05

CPU:total 4 (initial active 4) 

Memory: 4k page, physical 8388608k(103276k free), swap 2097152k(872448k free)

vm_info: OpenJDK 64-Bit Server VM (11.0.5+10) for bsd-amd64 JRE (11.0.5+10), built on Oct 19 2019 10:07:37 by "jenkins" with gcc 4.2.1 Compatible Apple LLVM 7.0.2 (clang-700.1.81)

END.
